<?xml version="1.0" encoding="UTF-8"?>
<!-- Generated by org.testng.reporters.JUnitReportReporter -->
<testsuite hostname="DESKTOP-D8EI8OH" failures="0" tests="1" name="testCases.TC_001_AccountRegistrationTest" time="2.219" errors="0" timestamp="2024-06-04T23:49:15 CST" skipped="0">
  <testcase classname="testCases.TC_001_AccountRegistrationTest" name="verify_account_registration" time="2.219"/>
</testsuite> <!-- testCases.TC_001_AccountRegistrationTest -->
