<?xml version="1.0" encoding="UTF-8"?>
<!-- Generated by org.testng.reporters.JUnitReportReporter -->
<testsuite hostname="DESKTOP-D8EI8OH" failures="0" tests="1" name="testCases.TC_002_LoginTest" time="1.404" errors="0" timestamp="2024-06-04T23:49:15 CST" skipped="0">
  <testcase classname="testCases.TC_002_LoginTest" name="verify_login" time="1.404"/>
</testsuite> <!-- testCases.TC_002_LoginTest -->
